#
# There is insufficient memory for the Java Runtime Environment to continue.
# Native memory allocation (malloc) failed to allocate 1048576 bytes for AllocateHeap
# Possible reasons:
#   The system is out of physical RAM or swap space
#   The process is running with CompressedOops enabled, and the Java Heap may be blocking the growth of the native heap
# Possible solutions:
#   Reduce memory load on the system
#   Increase physical memory or swap space
#   Check if swap backing store is full
#   Decrease Java heap size (-Xmx/-Xms)
#   Decrease number of Java threads
#   Decrease Java thread stack sizes (-Xss)
#   Set larger code cache with -XX:ReservedCodeCacheSize=
#   JVM is running with Unscaled Compressed Oops mode in which the Java heap is
#     placed in the first 4GB address space. The Java Heap base address is the
#     maximum limit for the native heap growth. Please use -XX:HeapBaseMinAddress
#     to set the Java Heap base and to place the Java Heap above 4GB virtual address.
# This output file may be truncated or incomplete.
#
#  Out of Memory Error (memory/allocation.inline.hpp:61), pid=7496, tid=0x0000000000003cf4
#
# JRE version:  (8.0_202-b39) (build )
# Java VM: OpenJDK 64-Bit Server VM (25.202-b39 mixed mode windows-amd64 compressed oops)
# Failed to write core dump. Minidumps are not enabled by default on client versions of Windows
#

---------------  T H R E A D  ---------------

Current thread (0x000000000202c000):  JavaThread "Unknown thread" [_thread_in_vm, id=15604, stack(0x0000000002160000,0x0000000002260000)]

Stack: [0x0000000002160000,0x0000000002260000]
[error occurred during error reporting (printing stack bounds), id 0xc0000005]

Native frames: (J=compiled Java code, j=interpreted, Vv=VM code, C=native code)


---------------  P R O C E S S  ---------------

Java Threads: ( => current thread )

Other Threads:

=>0x000000000202c000 (exited) JavaThread "Unknown thread" [_thread_in_vm, id=15604, stack(0x0000000002160000,0x0000000002260000)]

VM state:not at safepoint (normal execution)

VM Mutex/Monitor currently owned by a thread: None

heap address: 0x00000000e0000000, size: 512 MB, Compressed Oops mode: 32-bit
Narrow klass base: 0x0000000000000000, Narrow klass shift: 0
Compressed class space size: 1073741824 Address: 0x0000000012ee0000

Heap:
 PSYoungGen      total 18944K, used 327K [0x00000000f5580000, 0x00000000f6a80000, 0x0000000100000000)
  eden space 16384K, 2% used [0x00000000f5580000,0x00000000f55d1ec8,0x00000000f6580000)
  from space 2560K, 0% used [0x00000000f6800000,0x00000000f6800000,0x00000000f6a80000)
  to   space 2560K, 0% used [0x00000000f6580000,0x00000000f6580000,0x00000000f6800000)
 ParOldGen       total 44032K, used 0K [0x00000000e0000000, 0x00000000e2b00000, 0x00000000f5580000)
  object space 44032K, 0% used [0x00000000e0000000,0x00000000e0000000,0x00000000e2b00000)
 Metaspace       used 777K, capacity 4480K, committed 4480K, reserved 1056768K
  class space    used 74K, capacity 384K, committed 384K, reserved 1048576K

Card table byte_map: [0x0000000011700000,0x0000000011810000] byte_map_base: 0x0000000011000000

Marking Bits: (ParMarkBitMap*) 0x0000000068bc9f30
 Begin Bits: [0x0000000011de0000, 0x00000000125e0000)
 End Bits:   [0x00000000125e0000, 0x0000000012de0000)

Polling page: 0x0000000000210000

CodeCache: size=245760Kb used=328Kb max_used=328Kb free=245431Kb
 bounds [0x0000000002340000, 0x00000000025b0000, 0x0000000011340000]
 total_blobs=57 nmethods=0 adapters=38
 compilation: enabled

Compilation events (0 events):
No events

GC Heap History (0 events):
No events

Deoptimization events (0 events):
No events

Classes redefined (0 events):
No events

Internal exceptions (0 events):
No events

Events (10 events):
Event: 0.075 loading class java/lang/Short
Event: 0.075 loading class java/lang/Short done
Event: 0.075 loading class java/lang/Integer
Event: 0.075 loading class java/lang/Integer done
Event: 0.075 loading class java/lang/Long
Event: 0.076 loading class java/lang/Long done
Event: 0.077 loading class java/lang/NullPointerException
Event: 0.077 loading class java/lang/NullPointerException done
Event: 0.077 loading class java/lang/ArithmeticException
Event: 0.077 loading class java/lang/ArithmeticException done


Dynamic libraries:
0x000000013fec0000 - 0x000000013fef1000 	F:\WebStorm\WebStorm 2019.1\jre64\bin\java.exe
0x0000000077160000 - 0x00000000772ff000 	C:\Windows\SYSTEM32\ntdll.dll
0x0000000077040000 - 0x000000007715f000 	C:\Windows\system32\kernel32.dll
0x000007fefd000000 - 0x000007fefd067000 	C:\Windows\system32\KERNELBASE.dll
0x000007fefd2f0000 - 0x000007fefd3cb000 	C:\Windows\system32\ADVAPI32.dll
0x000007fefeaf0000 - 0x000007fefeb8f000 	C:\Windows\system32\msvcrt.dll
0x000007fefeba0000 - 0x000007fefebbf000 	C:\Windows\SYSTEM32\sechost.dll
0x000007fefd0d0000 - 0x000007fefd1fc000 	C:\Windows\system32\RPCRT4.dll
0x0000000076f40000 - 0x000000007703a000 	C:\Windows\system32\USER32.dll
0x000007fefd280000 - 0x000007fefd2e7000 	C:\Windows\system32\GDI32.dll
0x000007fefeb90000 - 0x000007fefeb9e000 	C:\Windows\system32\LPK.dll
0x000007fefec20000 - 0x000007fefeceb000 	C:\Windows\system32\USP10.dll
0x000007fefb6e0000 - 0x000007fefb8d5000 	C:\Windows\WinSxS\amd64_microsoft.windows.common-controls_6595b64144ccf1df_6.0.7601.24483_none_e372d88f30fbb845\COMCTL32.dll
0x000007fefd200000 - 0x000007fefd271000 	C:\Windows\system32\SHLWAPI.dll
0x000007fefd0a0000 - 0x000007fefd0ce000 	C:\Windows\system32\IMM32.DLL
0x000007fefef60000 - 0x000007feff06b000 	C:\Windows\system32\MSCTF.dll
0x000000006dfc0000 - 0x000000006e092000 	F:\WebStorm\WebStorm 2019.1\jre64\bin\msvcr100.dll
0x0000000068400000 - 0x0000000068c46000 	F:\WebStorm\WebStorm 2019.1\jre64\bin\server\jvm.dll
0x000007fef5360000 - 0x000007fef5369000 	C:\Windows\system32\WSOCK32.dll
0x000007fefd9a0000 - 0x000007fefd9ed000 	C:\Windows\system32\WS2_32.dll
0x000007fefd090000 - 0x000007fefd098000 	C:\Windows\system32\NSI.dll
0x000007fefaca0000 - 0x000007fefacdb000 	C:\Windows\system32\WINMM.dll
0x000007fefbd70000 - 0x000007fefbd7c000 	C:\Windows\system32\VERSION.dll
0x0000000077310000 - 0x0000000077317000 	C:\Windows\system32\PSAPI.DLL
0x000007fef9a60000 - 0x000007fef9a6f000 	F:\WebStorm\WebStorm 2019.1\jre64\bin\verify.dll
0x000007fef8cf0000 - 0x000007fef8d19000 	F:\WebStorm\WebStorm 2019.1\jre64\bin\java.dll
0x000007fef8ca0000 - 0x000007fef8cb6000 	F:\WebStorm\WebStorm 2019.1\jre64\bin\zip.dll

VM Arguments:
jvm_args: -Xmx512m 
java_command: org.jetbrains.git4idea.nativessh.GitNativeSshAskPassApp Enter passphrase for key '/c/Users/zgc/.ssh/id_rsa': 
java_class_path (initial): F:/WebStorm/WebStorm 2019.1/plugins/git4idea/lib/git4idea-rt.jar;F:/WebStorm/WebStorm 2019.1/lib/xmlrpc-2.0.1.jar;F:/WebStorm/WebStorm 2019.1/lib/commons-codec-1.10.jar;F:/WebStorm/WebStorm 2019.1/lib/util.jar
Launcher Type: SUN_STANDARD

Environment Variables:
JAVA_HOME=-Xmx512m
_JAVA_OPTIONS=-Xmx512m
PATH=E:\Git\mingw64\libexec\git-core;E:\Git\mingw64\bin;E:\Git\usr\bin;C:\Users\zgc\bin;C:\Program Files (x86)\VNI\imsl\fnl700\winin111e64\lib;C:\Program Files\Microsoft MPI\Bin;E:\FEKO\bin;F:\福昕PDF阅读器\Foxit Software\Foxit Reader;C:\Program Files (x86)\Common Files\Intel\Shared Libraries\redist\intel64\mpirt;C:\Program Files (x86)\Common Files\Intel\Shared Libraries\redist\intel64\compiler;C:\Program Files (x86)\Common Files\Intel\Shared Libraries\redist\ia32\mpirt;C:\Program Files (x86)\Common Files\Intel\Shared Libraries\redist\ia32\compiler;F:\FireFox;E:\Typora;E:\Git\;F:\WebStorm\WebStorm 2019.1\jre64\bin;F:\WebStorm\WebStorm 2019.1\jre32\bin;F:\WebStorm\WebStorm 2019.1\bin\webstorm.exe;F:\WebStorm\WebStorm 2019.1\license;F:\WebStorm\WebStorm 2019.1\lib;F:\WebStorm\WebStorm 2019.1\bin;F:\WebStorm 2019.1\bin\webstorm.exe;C:\Program Files (x86)\Google\Chrome\Application\chrome.exe;F:\sublime\Sublime Text 3;G:\anaconda;G:\anaconda\Scripts;G:\anaconda\Library\bin;C:\Windows\system32;C:\Windows;C:\Windows\System32\Wbem;C:\Windows\System32\WindowsPowerShell\v1.0;C:\Program Files\Microsoft SQL Server\110\Tools\Binn;E:\LINGO12.0;E:\Matlab\runtime\win64;E:\Git\cmd;C:\Program Files\nodejs;C:\Program Files\OpenSSH\bin;C:\Program Files (x86)\Windows Kits\8.1\Windows Performance Toolkit;C:\Program Files (x86)\VNI\imsl\fnl700\winin111e64\lib;C:\Users\zgc\AppData\Roaming\npm
USERNAME=zgc
DISPLAY=:0.0
OS=Windows_NT
PROCESSOR_IDENTIFIER=Intel64 Family 6 Model 60 Stepping 3, GenuineIntel



---------------  S Y S T E M  ---------------

OS: Windows 7 , 64 bit Build 7601 (6.1.7601.24511)

CPU:total 4 (initial active 4) (2 cores per cpu, 2 threads per core) family 6 model 60 stepping 3, cmov, cx8, fxsr, mmx, sse, sse2, sse3, ssse3, sse4.1, sse4.2, popcnt, avx, avx2, aes, clmul, erms, lzcnt, ht, tsc, tscinvbit, bmi1, bmi2

Memory: 4k page, physical 4108656k(134748k free), swap 16071528k(5628k free)

vm_info: OpenJDK 64-Bit Server VM (25.202-b39) for windows-amd64 JRE (1.8.0_202-release-1483-b39), built on Mar  7 2019 22:58:46 by "builduser" with MS VC++ 10.0 (VS2010)

time: Sun Aug 25 21:54:23 2019
timezone: 中国标准时间
elapsed time: 0 seconds (0d 0h 0m 0s)

